0 info it worked if it ends with ok
1 verbose cli [ 'c:\\Program Files\\nodejs\\node.exe',
1 verbose cli   'c:\\Program Files\\nodejs\\node_modules\\npm\\bin\\npm-cli.js',
1 verbose cli   'publish',
1 verbose cli   './' ]
2 info using npm@1.3.21
3 info using node@v0.10.24
4 verbose publish [ './' ]
5 verbose cache add [ './', null ]
6 verbose cache add name=undefined spec="./" args=["./",null]
7 verbose parsed url { protocol: null,
7 verbose parsed url   slashes: null,
7 verbose parsed url   auth: null,
7 verbose parsed url   host: null,
7 verbose parsed url   port: null,
7 verbose parsed url   hostname: null,
7 verbose parsed url   hash: null,
7 verbose parsed url   search: null,
7 verbose parsed url   query: null,
7 verbose parsed url   pathname: './',
7 verbose parsed url   path: './',
7 verbose parsed url   href: './' }
8 silly lockFile 0ee6c175- ./
9 verbose lock ./ C:\Users\knyga\AppData\Roaming\npm-cache\0ee6c175-.lock
10 verbose tar pack [ 'C:\\Users\\knyga\\AppData\\Local\\Temp\\npm-4972-f1WuD8ka\\1390840520791-0.3089112334419042\\tmp.tgz',
10 verbose tar pack   './' ]
11 verbose tarball C:\Users\knyga\AppData\Local\Temp\npm-4972-f1WuD8ka\1390840520791-0.3089112334419042\tmp.tgz
12 verbose folder ./
13 info prepublish light-orm@0.0.5
14 silly lockFile 04cb2bca-tar tar://./
15 verbose lock tar://./ C:\Users\knyga\AppData\Roaming\npm-cache\04cb2bca-tar.lock
16 silly lockFile 649096d5-20791-0-3089112334419042-tmp-tgz tar://C:\Users\knyga\AppData\Local\Temp\npm-4972-f1WuD8ka\1390840520791-0.3089112334419042\tmp.tgz
17 verbose lock tar://C:\Users\knyga\AppData\Local\Temp\npm-4972-f1WuD8ka\1390840520791-0.3089112334419042\tmp.tgz C:\Users\knyga\AppData\Roaming\npm-cache\649096d5-20791-0-3089112334419042-tmp-tgz.lock
18 silly lockFile 04cb2bca-tar tar://./
19 silly lockFile 04cb2bca-tar tar://./
20 silly lockFile 649096d5-20791-0-3089112334419042-tmp-tgz tar://C:\Users\knyga\AppData\Local\Temp\npm-4972-f1WuD8ka\1390840520791-0.3089112334419042\tmp.tgz
21 silly lockFile 649096d5-20791-0-3089112334419042-tmp-tgz tar://C:\Users\knyga\AppData\Local\Temp\npm-4972-f1WuD8ka\1390840520791-0.3089112334419042\tmp.tgz
22 verbose tar unpack C:\Users\knyga\AppData\Local\Temp\npm-4972-f1WuD8ka\1390840520791-0.3089112334419042\tmp.tgz
23 silly lockFile b607d194-20791-0-3089112334419042-package tar://C:\Users\knyga\AppData\Local\Temp\npm-4972-f1WuD8ka\1390840520791-0.3089112334419042\package
24 verbose lock tar://C:\Users\knyga\AppData\Local\Temp\npm-4972-f1WuD8ka\1390840520791-0.3089112334419042\package C:\Users\knyga\AppData\Roaming\npm-cache\b607d194-20791-0-3089112334419042-package.lock
25 silly lockFile 649096d5-20791-0-3089112334419042-tmp-tgz tar://C:\Users\knyga\AppData\Local\Temp\npm-4972-f1WuD8ka\1390840520791-0.3089112334419042\tmp.tgz
26 verbose lock tar://C:\Users\knyga\AppData\Local\Temp\npm-4972-f1WuD8ka\1390840520791-0.3089112334419042\tmp.tgz C:\Users\knyga\AppData\Roaming\npm-cache\649096d5-20791-0-3089112334419042-tmp-tgz.lock
27 silly gunzTarPerm modes [ '755', '644' ]
28 silly gunzTarPerm extractEntry package.json
29 silly gunzTarPerm modified mode [ 'package.json', 438, 420 ]
30 silly gunzTarPerm extractEntry .npmignore
31 silly gunzTarPerm modified mode [ '.npmignore', 438, 420 ]
32 silly gunzTarPerm extractEntry README.md
33 silly gunzTarPerm modified mode [ 'README.md', 438, 420 ]
34 silly gunzTarPerm extractEntry index.js
35 silly gunzTarPerm modified mode [ 'index.js', 438, 420 ]
36 silly gunzTarPerm extractEntry example/package.json
37 silly gunzTarPerm modified mode [ 'example/package.json', 438, 420 ]
38 silly gunzTarPerm extractEntry example/app.js
39 silly gunzTarPerm modified mode [ 'example/app.js', 438, 420 ]
40 silly gunzTarPerm extractEntry example/connection.json.example
41 silly gunzTarPerm modified mode [ 'example/connection.json.example', 438, 420 ]
42 silly gunzTarPerm extractEntry lib/compiler/compile.sh
43 silly gunzTarPerm modified mode [ 'lib/compiler/compile.sh', 438, 420 ]
44 silly gunzTarPerm extractEntry lib/compiler/exports.ts
45 silly gunzTarPerm modified mode [ 'lib/compiler/exports.ts', 438, 420 ]
46 silly gunzTarPerm extractEntry lib/typescript/Collection.ts
47 silly gunzTarPerm modified mode [ 'lib/typescript/Collection.ts', 438, 420 ]
48 silly gunzTarPerm extractEntry lib/typescript/helpers/SQLHelper.ts
49 silly gunzTarPerm modified mode [ 'lib/typescript/helpers/SQLHelper.ts', 438, 420 ]
50 silly gunzTarPerm extractEntry lib/typescript/interfaces/CrudInterface.ts
51 silly gunzTarPerm modified mode [ 'lib/typescript/interfaces/CrudInterface.ts', 438, 420 ]
52 silly gunzTarPerm extractEntry lib/typescript/interfaces/DriverInterface.ts
53 silly gunzTarPerm modified mode [ 'lib/typescript/interfaces/DriverInterface.ts', 438, 420 ]
54 silly gunzTarPerm extractEntry lib/typescript/interfaces/GetSetInterface.ts
55 silly gunzTarPerm modified mode [ 'lib/typescript/interfaces/GetSetInterface.ts', 438, 420 ]
56 silly gunzTarPerm extractEntry lib/typescript/interfaces/JSONInterface.ts
57 silly gunzTarPerm modified mode [ 'lib/typescript/interfaces/JSONInterface.ts', 438, 420 ]
58 silly gunzTarPerm extractEntry lib/typescript/interfaces/ModelEventInterface.ts
59 silly gunzTarPerm modified mode [ 'lib/typescript/interfaces/ModelEventInterface.ts', 438, 420 ]
60 silly gunzTarPerm extractEntry lib/typescript/interfaces/ToStringInterface.ts
61 silly gunzTarPerm modified mode [ 'lib/typescript/interfaces/ToStringInterface.ts', 438, 420 ]
62 silly gunzTarPerm extractEntry lib/typescript/interfaces/UpdateOptionsInterface.ts
63 silly gunzTarPerm modified mode [ 'lib/typescript/interfaces/UpdateOptionsInterface.ts',
63 silly gunzTarPerm   438,
63 silly gunzTarPerm   420 ]
64 silly gunzTarPerm extractEntry lib/typescript/Model.ts
65 silly gunzTarPerm modified mode [ 'lib/typescript/Model.ts', 438, 420 ]
66 silly gunzTarPerm extractEntry LICENSE.md
67 silly gunzTarPerm modified mode [ 'LICENSE.md', 438, 420 ]
68 silly lockFile b607d194-20791-0-3089112334419042-package tar://C:\Users\knyga\AppData\Local\Temp\npm-4972-f1WuD8ka\1390840520791-0.3089112334419042\package
69 silly lockFile b607d194-20791-0-3089112334419042-package tar://C:\Users\knyga\AppData\Local\Temp\npm-4972-f1WuD8ka\1390840520791-0.3089112334419042\package
70 silly lockFile 649096d5-20791-0-3089112334419042-tmp-tgz tar://C:\Users\knyga\AppData\Local\Temp\npm-4972-f1WuD8ka\1390840520791-0.3089112334419042\tmp.tgz
71 silly lockFile 649096d5-20791-0-3089112334419042-tmp-tgz tar://C:\Users\knyga\AppData\Local\Temp\npm-4972-f1WuD8ka\1390840520791-0.3089112334419042\tmp.tgz
72 verbose tar pack [ 'C:\\Users\\knyga\\AppData\\Roaming\\npm-cache\\light-orm\\0.0.5\\package.tgz',
72 verbose tar pack   'C:\\Users\\knyga\\AppData\\Local\\Temp\\npm-4972-f1WuD8ka\\1390840520791-0.3089112334419042\\package' ]
73 verbose tarball C:\Users\knyga\AppData\Roaming\npm-cache\light-orm\0.0.5\package.tgz
74 verbose folder C:\Users\knyga\AppData\Local\Temp\npm-4972-f1WuD8ka\1390840520791-0.3089112334419042\package
75 silly lockFile b607d194-20791-0-3089112334419042-package tar://C:\Users\knyga\AppData\Local\Temp\npm-4972-f1WuD8ka\1390840520791-0.3089112334419042\package
76 verbose lock tar://C:\Users\knyga\AppData\Local\Temp\npm-4972-f1WuD8ka\1390840520791-0.3089112334419042\package C:\Users\knyga\AppData\Roaming\npm-cache\b607d194-20791-0-3089112334419042-package.lock
77 silly lockFile 75f9f76a-ache-light-orm-0-0-5-package-tgz tar://C:\Users\knyga\AppData\Roaming\npm-cache\light-orm\0.0.5\package.tgz
78 verbose lock tar://C:\Users\knyga\AppData\Roaming\npm-cache\light-orm\0.0.5\package.tgz C:\Users\knyga\AppData\Roaming\npm-cache\75f9f76a-ache-light-orm-0-0-5-package-tgz.lock
79 silly lockFile b607d194-20791-0-3089112334419042-package tar://C:\Users\knyga\AppData\Local\Temp\npm-4972-f1WuD8ka\1390840520791-0.3089112334419042\package
80 silly lockFile b607d194-20791-0-3089112334419042-package tar://C:\Users\knyga\AppData\Local\Temp\npm-4972-f1WuD8ka\1390840520791-0.3089112334419042\package
81 silly lockFile 75f9f76a-ache-light-orm-0-0-5-package-tgz tar://C:\Users\knyga\AppData\Roaming\npm-cache\light-orm\0.0.5\package.tgz
82 silly lockFile 75f9f76a-ache-light-orm-0-0-5-package-tgz tar://C:\Users\knyga\AppData\Roaming\npm-cache\light-orm\0.0.5\package.tgz
83 silly lockFile 0300cdba-pm-cache-light-orm-0-0-5-package C:\Users\knyga\AppData\Roaming\npm-cache\light-orm\0.0.5\package
84 verbose lock C:\Users\knyga\AppData\Roaming\npm-cache\light-orm\0.0.5\package C:\Users\knyga\AppData\Roaming\npm-cache\0300cdba-pm-cache-light-orm-0-0-5-package.lock
85 silly lockFile 0300cdba-pm-cache-light-orm-0-0-5-package C:\Users\knyga\AppData\Roaming\npm-cache\light-orm\0.0.5\package
86 silly lockFile 0300cdba-pm-cache-light-orm-0-0-5-package C:\Users\knyga\AppData\Roaming\npm-cache\light-orm\0.0.5\package
87 verbose tar unpack C:\Users\knyga\AppData\Roaming\npm-cache\light-orm\0.0.5\package.tgz
88 silly lockFile 60aaf6da-pm-cache-light-orm-0-0-5-package tar://C:\Users\knyga\AppData\Roaming\npm-cache\light-orm\0.0.5\package
89 verbose lock tar://C:\Users\knyga\AppData\Roaming\npm-cache\light-orm\0.0.5\package C:\Users\knyga\AppData\Roaming\npm-cache\60aaf6da-pm-cache-light-orm-0-0-5-package.lock
90 silly lockFile 75f9f76a-ache-light-orm-0-0-5-package-tgz tar://C:\Users\knyga\AppData\Roaming\npm-cache\light-orm\0.0.5\package.tgz
91 verbose lock tar://C:\Users\knyga\AppData\Roaming\npm-cache\light-orm\0.0.5\package.tgz C:\Users\knyga\AppData\Roaming\npm-cache\75f9f76a-ache-light-orm-0-0-5-package-tgz.lock
92 silly gunzTarPerm modes [ '755', '644' ]
93 silly gunzTarPerm extractEntry package.json
94 silly gunzTarPerm modified mode [ 'package.json', 438, 420 ]
95 silly gunzTarPerm extractEntry .npmignore
96 silly gunzTarPerm modified mode [ '.npmignore', 438, 420 ]
97 silly gunzTarPerm extractEntry README.md
98 silly gunzTarPerm modified mode [ 'README.md', 438, 420 ]
99 silly gunzTarPerm extractEntry index.js
100 silly gunzTarPerm modified mode [ 'index.js', 438, 420 ]
101 silly gunzTarPerm extractEntry example/package.json
102 silly gunzTarPerm modified mode [ 'example/package.json', 438, 420 ]
103 silly gunzTarPerm extractEntry example/app.js
104 silly gunzTarPerm modified mode [ 'example/app.js', 438, 420 ]
105 silly gunzTarPerm extractEntry example/connection.json.example
106 silly gunzTarPerm modified mode [ 'example/connection.json.example', 438, 420 ]
107 silly gunzTarPerm extractEntry lib/compiler/compile.sh
108 silly gunzTarPerm modified mode [ 'lib/compiler/compile.sh', 438, 420 ]
109 silly gunzTarPerm extractEntry lib/compiler/exports.ts
110 silly gunzTarPerm modified mode [ 'lib/compiler/exports.ts', 438, 420 ]
111 silly gunzTarPerm extractEntry lib/typescript/Collection.ts
112 silly gunzTarPerm modified mode [ 'lib/typescript/Collection.ts', 438, 420 ]
113 silly gunzTarPerm extractEntry lib/typescript/helpers/SQLHelper.ts
114 silly gunzTarPerm modified mode [ 'lib/typescript/helpers/SQLHelper.ts', 438, 420 ]
115 silly gunzTarPerm extractEntry lib/typescript/interfaces/CrudInterface.ts
116 silly gunzTarPerm modified mode [ 'lib/typescript/interfaces/CrudInterface.ts', 438, 420 ]
117 silly gunzTarPerm extractEntry lib/typescript/interfaces/DriverInterface.ts
118 silly gunzTarPerm modified mode [ 'lib/typescript/interfaces/DriverInterface.ts', 438, 420 ]
119 silly gunzTarPerm extractEntry lib/typescript/interfaces/GetSetInterface.ts
120 silly gunzTarPerm modified mode [ 'lib/typescript/interfaces/GetSetInterface.ts', 438, 420 ]
121 silly gunzTarPerm extractEntry lib/typescript/interfaces/JSONInterface.ts
122 silly gunzTarPerm modified mode [ 'lib/typescript/interfaces/JSONInterface.ts', 438, 420 ]
123 silly gunzTarPerm extractEntry lib/typescript/interfaces/ModelEventInterface.ts
124 silly gunzTarPerm modified mode [ 'lib/typescript/interfaces/ModelEventInterface.ts', 438, 420 ]
125 silly gunzTarPerm extractEntry lib/typescript/interfaces/ToStringInterface.ts
126 silly gunzTarPerm modified mode [ 'lib/typescript/interfaces/ToStringInterface.ts', 438, 420 ]
127 silly gunzTarPerm extractEntry lib/typescript/interfaces/UpdateOptionsInterface.ts
128 silly gunzTarPerm modified mode [ 'lib/typescript/interfaces/UpdateOptionsInterface.ts',
128 silly gunzTarPerm   438,
128 silly gunzTarPerm   420 ]
129 silly gunzTarPerm extractEntry lib/typescript/Model.ts
130 silly gunzTarPerm modified mode [ 'lib/typescript/Model.ts', 438, 420 ]
131 silly gunzTarPerm extractEntry LICENSE.md
132 silly gunzTarPerm modified mode [ 'LICENSE.md', 438, 420 ]
133 silly lockFile 60aaf6da-pm-cache-light-orm-0-0-5-package tar://C:\Users\knyga\AppData\Roaming\npm-cache\light-orm\0.0.5\package
134 silly lockFile 60aaf6da-pm-cache-light-orm-0-0-5-package tar://C:\Users\knyga\AppData\Roaming\npm-cache\light-orm\0.0.5\package
135 silly lockFile 75f9f76a-ache-light-orm-0-0-5-package-tgz tar://C:\Users\knyga\AppData\Roaming\npm-cache\light-orm\0.0.5\package.tgz
136 silly lockFile 75f9f76a-ache-light-orm-0-0-5-package-tgz tar://C:\Users\knyga\AppData\Roaming\npm-cache\light-orm\0.0.5\package.tgz
137 verbose chmod C:\Users\knyga\AppData\Roaming\npm-cache\light-orm\0.0.5\package.tgz 644
138 silly chown skipping for windows C:\Users\knyga\AppData\Roaming\npm-cache\light-orm\0.0.5\package.tgz
139 silly lockFile 0ee6c175- ./
140 silly lockFile 0ee6c175- ./
141 silly publish { author: { name: 'Oleksandr Knyga', email: 'oleksandrknyga@gmail.com' },
141 silly publish   name: 'light-orm',
141 silly publish   description: 'Super simple ORM node.js wrapper for relational databases. It does not depends on any specific driver, so you can connect to mysql, ms server and so on... Try it!',
141 silly publish   version: '0.0.5',
141 silly publish   homepage: 'https://github.com/knyga/light-orm',
141 silly publish   repository: { type: 'git', url: 'https://github.com/knyga/light-orm' },
141 silly publish   main: './index',
141 silly publish   engines: { node: '*' },
141 silly publish   devDependencies: {},
141 silly publish   optionalDependencies: {},
141 silly publish   bugs: { url: 'https://github.com/knyga/light-orm/issues' },
141 silly publish   dependencies: {},
141 silly publish   directories: { example: 'example' },
141 silly publish   scripts: { test: 'echo "Look for example" && exit 1' },
141 silly publish   keywords:
141 silly publish    [ 'orm',
141 silly publish      'mysql',
141 silly publish      'simple',
141 silly publish      'postgresql',
141 silly publish      'sql',
141 silly publish      'server',
141 silly publish      'ms',
141 silly publish      'server',
141 silly publish      'database',
141 silly publish      'db',
141 silly publish      'wrapper',
141 silly publish      'pdo',
141 silly publish      'propel',
141 silly publish      'mongodb',
141 silly publish      'oracle',
141 silly publish      'microsoft',
141 silly publish      'relational',
141 silly publish      'relational',
141 silly publish      'database',
141 silly publish      'management',
141 silly publish      'system',
141 silly publish      'rdbms',
141 silly publish      'ibm',
141 silly publish      'db2',
141 silly publish      'ibm',
141 silly publish      'informix',
141 silly publish      'my',
141 silly publish      'sql',
141 silly publish      'object',
141 silly publish      'model',
141 silly publish      'collection',
141 silly publish      'entity',
141 silly publish      'framework',
141 silly publish      'connector',
141 silly publish      'light',
141 silly publish      'typescript',
141 silly publish      'odm',
141 silly publish      'postgres',
141 silly publish      'redshift',
141 silly publish      'sqlite',
141 silly publish      'mongodb' ],
141 silly publish   license: 'Apache License, Version 2.0',
141 silly publish   readme: '##Light-orm\r\nLight-orm - simple ORM node.js wrapper for relational databases. It does not depends on any specific driver, so you can connect to mysql, postgresql, ms server with your favorite driver.\r\n\r\nYour db connector (or wrapper) just should implement the interface:\r\n```\r\ninterface DriverInterface {\r\n    query(query: string, handler: (err, rows, fields) => void);\r\n}\r\n```\r\nThis interface came from node-mysql driver, as most popular option, that lets you avoid writting your wrappers to connectors.\r\n\r\nLight-orm gives you freedom in choising your own driver. You should not any more make meet half-way between high driver performance with native realization and ORM wrapper.\r\n\r\n###Installation\r\n`npm install light-orm`\r\n\r\n###Development\r\nLight-orm is written on typescript. Look for the sources here: lib/typescript and lib/compiler. You may find there comments in jsdoc style.\r\n\r\n###Examples\r\nExample connection (mysql):\r\n```javascript\r\nvar mysql = require(\'mysql\'),\r\n\tlightOrm = require(\'light-orm\');\r\n\r\nvar connection = mysql.createConnection(require(\'./connection.json\'));\r\nconnection.connect();\r\n```\r\n\r\nCreate collection for table name `author`:\r\n```javascript\r\nvar AuthorCollection = new lightOrm.Collection(connection, \'author\');\r\n```\r\n\r\nFind one model:\r\n```javascript\r\nAuthorCollection.findOne({\r\n\tid: 1\r\n}, function(err, model) {\r\n\tconsole.log(model.getAll());\r\n\t//{ id: 1, name: \'James Bond\', description: \'Agent 007\' }\r\n});\r\n```\r\n\r\nFind one model by sql:\r\n```javascript\r\nAuthorCollection.findOne("SELECT * FROM `author` WHERE id = 1", function(err, model) {\r\n\tconsole.log(model.getAll());\r\n\t//{ id: 1, name: \'James Bond\', description: \'Agent 007\' }\r\n});\r\n```\r\n\r\nFind models:\r\n```javascript\r\nCarCollection.find({\r\n\tcategory_id: 5\r\n}, function(err, models) {});\r\n```\r\n\r\nFind models by sql:\r\n```javascript\r\nCarCollection.find({\r\n\tcategory_id: 5\r\n}, function(err, models) {});\r\n```\r\n\r\nGet all attributes:\r\n```javascript\r\nmodel.getAll();\r\n```\r\n\r\nGet one attribute:\r\n```javascript\r\nmodel.get(\'name\');\r\n```\r\n\r\nSet attribute:\r\n```javascript\r\nmodel.set(\'name\', \'Oleksandr Knyga\');\r\n```\r\n\r\nSet attributes:\r\n```javascript\r\nmodel.set({\r\n\tname: \'Oleksandr Knyga\'\r\n});\r\n```\r\n\r\nGet custom row by sql:\r\n```javascript\r\nAuthorCollection.findOne("SELECT COUNT(*) as `count` FROM `author` WHERE name = \'" + author.name + "\'", function(err, data) {\r\n\tvar count = data.get(\'count\');\r\n});\r\n```\r\n\r\nSave:\r\n```javascript\r\nmodel.create(function(err, model) {});\r\n```\r\n\r\nUpdate:\r\n```javascript\r\nmodel.update(function(err, model) {});\r\n```\r\n\r\nUpdate, with custom where block:\r\n```javascript\r\nmodel.update({\r\n\tpkValue: {\r\n\t\tid: 31\r\n\t}\r\n}, function(err, model) {});\r\n```\r\n\r\nUpdate, manual pk field name:\r\n```javascript\r\nmodel.update({\r\n\t\tpk: [\'id\']\r\n}, function(err, model) {});\r\n```\r\n\r\nDelete:\r\n```javascript\r\nmodel.remove(function(err, model) {});\r\n```\r\n\r\nDelete, with custom where block:\r\n```javascript\r\nmodel.remove({\r\n\tpkValue: {\r\n\t\tid: 31\r\n\t}\r\n}, function(err, model) {});\r\n```\r\n\r\nDelete, manual pk field name:\r\n```javascript\r\nmodel.remove({\r\n\t\tpk: [\'id\']\r\n}, function(err, model) {});\r\n```\r\n\r\n###Licence\r\nCopyright 2014 Oleksandr Knyga <oleksandrknyga@gmail.com>\r\n\r\nLicensed under the Apache License, Version 2.0 (the "License");\r\nyou may not use this file except in compliance with the License.\r\nYou may obtain a copy of the License at\r\n\r\n   http://www.apache.org/licenses/LICENSE-2.0\r\n\r\nUnless required by applicable law or agreed to in writing, software\r\ndistributed under the License is distributed on an "AS IS" BASIS,\r\nWITHOUT WARRANTIES OR CONDITIONS OF ANY KIND, either express or implied.\r\nSee the License for the specific language governing permissions and\r\nlimitations under the License.\r\n',
141 silly publish   readmeFilename: 'README.md',
141 silly publish   _id: 'light-orm@0.0.5',
141 silly publish   dist: { shasum: '1a14fa18fcd4b06999278f9522a0a8755b8438ea' },
141 silly publish   _from: './' }
142 error need auth auth and email required for publishing
142 error need auth You need to authorize this machine using `npm adduser`
143 error System Windows_NT 6.1.7601
144 error command "c:\\Program Files\\nodejs\\node.exe" "c:\\Program Files\\nodejs\\node_modules\\npm\\bin\\npm-cli.js" "publish" "./"
145 error cwd c:\www\light-orm
146 error node -v v0.10.24
147 error npm -v 1.3.21
148 error code ENEEDAUTH
149 verbose exit [ 1, true ]
